Mon 09/05/2022 
02:24 PM
[tools\partialLink.pl:main:2498] [tools\partialLink.pl --armlink=C:\Progra~1\ARM\RVCT\Programs\3.1\569\win_32-pentium\armlink.exe --armar=C:\Progra~1\ARM\RVCT\Programs\3.1\569\win_32-pentium\armar.exe --lib-dir=.\build\GXQ03D_M2M_11C\gprs\MT6261o\lib --lib-dir=mtk_lib\MT6261\S00\gprs --no-update --scatter-file=custom\system\GXQ03D_M2M_11C_BB\scatGXQ03D_M2M_11C.txt --link-option-file=.\make\~sortedLibs.tmp --readelf=.\tools\MinGW\bin\arm-none-eabi-readelf.exe --nm=.\tools\MinGW\bin\arm-none-eabi-nm.exe --link-err-file=.\build\GXQ03D_M2M_11C\MT6261.log --strip=.\tools\MinGW\bin\arm-none-eabi-strip.exe]
[tools\partialLink.pl:main:2500] Dumping options...
[tools\partialLink.pl:dumpOpt:1970] -> stripDebugCount
$VAR1 = 8;
[tools\partialLink.pl:dumpOpt:1970] -> forcePartialLink
$VAR1 = 0;
[tools\partialLink.pl:dumpOpt:1970] -> reGenHint
$VAR1 = 0;
[tools\partialLink.pl:dumpOpt:1970] -> stripDebugInfo
$VAR1 = 1;
[tools\partialLink.pl:dumpOpt:1970] -> linkType
$VAR1 = 1;
[tools\partialLink.pl:dumpOpt:1970] -> save
$VAR1 = 0;
[tools\partialLink.pl:dumpOpt:1970] -> reGenRule
$VAR1 = 1;
[tools\partialLink.pl:dumpOpt:1970] -> passLimit
$VAR1 = 7;
[tools\partialLink.pl:dumpOpt:1970] -> hintToRule
$VAR1 = 1;
[tools\partialLink.pl:dumpOpt:1970] -> excludeCppLib
$VAR1 = 0;
[tools\partialLink.pl:dumpOpt:1970] -> check
$VAR1 = 0;
[tools\partialLink.pl:dumpOpt:1970] -> simulate
$VAR1 = 0;
[tools\partialLink.pl:dumpOpt:1970] -> libSizeInfo
$VAR1 = 1;
[tools\partialLink.pl:dumpOpt:1970] -> help
$VAR1 = 0;
[tools\partialLink.pl:dumpOpt:1970] -> update
$VAR1 = 0;
[tools\partialLink.pl:dumpOpt:1970] -> fileLinkErr
$VAR1 = 'Z:/build/GXQ03D_M2M_11C/MT6261.log';
[tools\partialLink.pl:dumpOpt:1970] -> cmd_armar
$VAR1 = 'C:/Progra~1/ARM/RVCT/Programs/3.1/569/win_32-pentium/armar.exe';
[tools\partialLink.pl:dumpOpt:1970] -> ptrAryUserExclusionFile
$VAR1 = [];
[tools\partialLink.pl:dumpOpt:1970] -> cmd_armlink
$VAR1 = 'C:/Progra~1/ARM/RVCT/Programs/3.1/569/win_32-pentium/armlink.exe';
[tools\partialLink.pl:dumpOpt:1970] -> dirInfo
$VAR1 = 'Z:/';
[tools\partialLink.pl:dumpOpt:1970] -> fileLinkOption
$VAR1 = 'Z:/make/~sortedLibs.tmp';
[tools\partialLink.pl:dumpOpt:1970] -> cmd_nm
$VAR1 = 'Z:/tools/MinGW/bin/arm-none-eabi-nm.exe';
[tools\partialLink.pl:dumpOpt:1970] -> dirTemp
$VAR1 = 'Z:/';
[tools\partialLink.pl:dumpOpt:1970] -> ptrAryLibDir
$VAR1 = [
          'Z:/build/GXQ03D_M2M_11C/gprs/MT6261o/lib',
          'Z:/mtk_lib/MT6261/S00/gprs'
        ];
[tools\partialLink.pl:dumpOpt:1970] -> fileScatter
$VAR1 = 'Z:/custom/system/GXQ03D_M2M_11C_BB/scatGXQ03D_M2M_11C.txt';
[tools\partialLink.pl:dumpOpt:1970] -> cmd_strip
$VAR1 = 'Z:/tools/MinGW/bin/arm-none-eabi-strip.exe';
[tools\partialLink.pl:dumpOpt:1970] -> cmd_readelf
$VAR1 = 'Z:/tools/MinGW/bin/arm-none-eabi-readelf.exe';
[tools\partialLink.pl:dumpOpt:1970] -> dirSave
$VAR1 = 'Z:/';
[tools\partialLink.pl:generateLibSize:2243] Generating size info for applib.lib
[tools\partialLink.pl:generateLibSize:2243] Generating size info for applib_asn1.lib
[tools\partialLink.pl:generateLibSize:2243] Generating size info for audio.lib
[tools\partialLink.pl:generateLibSize:2243] Generating size info for bcm.lib
[tools\partialLink.pl:generateLibSize:2243] Generating size info for bmt.lib
[tools\partialLink.pl:generateLibSize:2243] Generating size info for btdrv_common.lib
[tools\partialLink.pl:generateLibSize:2243] Generating size info for cct.lib
[tools\partialLink.pl:generateLibSize:2243] Generating size info for config.lib
[tools\partialLink.pl:generateLibSize:2243] Generating size info for custom.lib
[tools\partialLink.pl:generateLibSize:2243] Generating size info for drm.lib
[tools\partialLink.pl:generateLibSize:2243] Generating size info for drv.lib
[tools\partialLink.pl:generateLibSize:2243] Generating size info for drv_display.lib
[tools\partialLink.pl:generateLibSize:2243] Generating size info for drv_idp.lib
[tools\partialLink.pl:generateLibSize:2243] Generating size info for ell.lib
[tools\partialLink.pl:generateLibSize:2243] Generating size info for fluency.lib
[tools\partialLink.pl:generateLibSize:2243] Generating size info for fmr.lib
[tools\partialLink.pl:generateLibSize:2243] Generating size info for fs.lib
[tools\partialLink.pl:generateLibSize:2243] Generating size info for ft.lib
[tools\partialLink.pl:generateLibSize:2243] Generating size info for ftc.lib
[tools\partialLink.pl:generateLibSize:2243] Generating size info for gfx_drv.lib
[tools\partialLink.pl:generateLibSize:2243] Generating size info for gps.lib
[tools\partialLink.pl:generateLibSize:2243] Generating size info for init.lib
[tools\partialLink.pl:generateLibSize:2243] Generating size info for l1_ext.lib
[tools\partialLink.pl:generateLibSize:2243] Generating size info for l4misc.lib
[tools\partialLink.pl:generateLibSize:2243] Generating size info for matv.lib
[tools\partialLink.pl:generateLibSize:2243] Generating size info for mc.lib
[tools\partialLink.pl:generateLibSize:2243] Generating size info for media.lib
[tools\partialLink.pl:generateLibSize:2243] Generating size info for mm_comm.lib
[tools\partialLink.pl:generateLibSize:2243] Generating size info for mmi.lib
[tools\partialLink.pl:generateLibSize:2243] Generating size info for mpl.lib
[tools\partialLink.pl:generateLibSize:2243] Generating size info for mtd.lib
[tools\partialLink.pl:generateLibSize:2243] Generating size info for mthl.lib
[tools\partialLink.pl:generateLibSize:2243] Generating size info for ntpd.lib
[tools\partialLink.pl:generateLibSize:2243] Generating size info for nvram.lib
[tools\partialLink.pl:generateLibSize:2243] Generating size info for peripheral.lib
[tools\partialLink.pl:generateLibSize:2243] Generating size info for sim_driver.lib
[tools\partialLink.pl:generateLibSize:2243] Generating size info for system.lib
[tools\partialLink.pl:generateLibSize:2243] Generating size info for track_agps.lib
[tools\partialLink.pl:generateLibSize:2243] Generating size info for usb.lib
[tools\partialLink.pl:generateLibSize:2243] Generating size info for usb_driver.lib
[tools\partialLink.pl:generateLibSize:2243] Generating size info for video.lib
[tools\partialLink.pl:generateLibSize:2243] Generating size info for video_codec.lib
[tools\partialLink.pl:generateLibSize:2243] Generating size info for xmlp.lib
[tools\partialLink.pl:generateLibSize:2243] Generating size info for abm.lib
[tools\partialLink.pl:generateLibSize:2243] Generating size info for abm_custom.lib
[tools\partialLink.pl:generateLibSize:2243] Generating size info for applib_inet.lib
[tools\partialLink.pl:generateLibSize:2243] Generating size info for asn1_re.lib
[tools\partialLink.pl:generateLibSize:2243] Generating size info for btadp.lib
[tools\partialLink.pl:generateLibSize:2243] Generating size info for btdrv.lib
[tools\partialLink.pl:generateLibSize:2243] Generating size info for btprofiles.lib
[tools\partialLink.pl:generateLibSize:2243] Generating size info for btstack.lib
[tools\partialLink.pl:generateLibSize:2243] Generating size info for cc.lib
[tools\partialLink.pl:generateLibSize:2243] Generating size info for certman.lib
[tools\partialLink.pl:generateLibSize:2243] Generating size info for che.lib
[tools\partialLink.pl:generateLibSize:2243] Generating size info for cipher.lib
[tools\partialLink.pl:generateLibSize:2243] Generating size info for ciss.lib
[tools\partialLink.pl:generateLibSize:2243] Generating size info for data.lib
[tools\partialLink.pl:generateLibSize:2243] Generating size info for dhcp.lib
[tools\partialLink.pl:generateLibSize:2243] Generating size info for dp_engine.lib
[tools\partialLink.pl:generateLibSize:2243] Generating size info for drv_sec.lib
[tools\partialLink.pl:generateLibSize:2243] Generating size info for dsp_ram.lib
[tools\partialLink.pl:generateLibSize:2243] Generating size info for eap.lib
[tools\partialLink.pl:generateLibSize:2243] Generating size info for ems.lib
[tools\partialLink.pl:generateLibSize:2243] Generating size info for event_info.lib
[tools\partialLink.pl:generateLibSize:2243] Generating size info for fdm.lib
[tools\partialLink.pl:generateLibSize:2243] Generating size info for flc2.lib
[tools\partialLink.pl:generateLibSize:2243] Generating size info for fluency_sec.lib
[tools\partialLink.pl:generateLibSize:2243] Generating size info for gfx_core16.lib
[tools\partialLink.pl:generateLibSize:2243] Generating size info for gfx_core32.lib
[tools\partialLink.pl:generateLibSize:2243] Generating size info for gps_sec.lib
[tools\partialLink.pl:generateLibSize:2243] Generating size info for interface_classb.lib
[tools\partialLink.pl:generateLibSize:2243] Generating size info for kal.lib
[tools\partialLink.pl:generateLibSize:2243] Generating size info for l1_classb_g2.lib
[tools\partialLink.pl:generateLibSize:2243] Generating size info for l4_classb.lib
[tools\partialLink.pl:generateLibSize:2243] Generating size info for llc.lib
[tools\partialLink.pl:generateLibSize:2243] Generating size info for lqt.lib
[tools\partialLink.pl:generateLibSize:2243] Generating size info for mcd.lib
[tools\partialLink.pl:generateLibSize:2243] Generating size info for mm_classb2.lib
[tools\partialLink.pl:generateLibSize:2243] Generating size info for mt5931.lib
[tools\partialLink.pl:generateLibSize:2243] Generating size info for mtkdebug.lib
[tools\partialLink.pl:generateLibSize:2243] Generating size info for nucleus.lib
[tools\partialLink.pl:generateLibSize:2243] Generating size info for nucleus_critical_data.lib
[tools\partialLink.pl:generateLibSize:2243] Generating size info for nucleus_ctrl_code.lib
[tools\partialLink.pl:generateLibSize:2243] Generating size info for nucleus_debug.lib
[tools\partialLink.pl:generateLibSize:2243] Generating size info for nucleus_int.lib
[tools\partialLink.pl:generateLibSize:2243] Generating size info for nvram_sec.lib
[tools\partialLink.pl:generateLibSize:2243] Generating size info for oriverno.lib
[tools\partialLink.pl:generateLibSize:2243] Generating size info for ossl_crypto.lib
[tools\partialLink.pl:generateLibSize:2243] Generating size info for ossl_osadp.lib
[tools\partialLink.pl:generateLibSize:2243] Generating size info for ossl_pki.lib
[tools\partialLink.pl:generateLibSize:2243] Generating size info for ossl_pkiadp.lib
[tools\partialLink.pl:generateLibSize:2243] Generating size info for ossl_ssl.lib
[tools\partialLink.pl:generateLibSize:2243] Generating size info for ossl_ssladp.lib
[tools\partialLink.pl:generateLibSize:2243] Generating size info for ppp.lib
[tools\partialLink.pl:generateLibSize:2243] Generating size info for provider_sec.lib
[tools\partialLink.pl:generateLibSize:2243] Generating size info for ratcm.lib
[tools\partialLink.pl:generateLibSize:2243] Generating size info for ratdm.lib
[tools\partialLink.pl:generateLibSize:2243] Generating size info for rr_classb2.lib
[tools\partialLink.pl:generateLibSize:2243] Generating size info for rrlp.lib
[tools\partialLink.pl:generateLibSize:2243] Generating size info for scsi.lib
[tools\partialLink.pl:generateLibSize:2243] Generating size info for sec_store.lib
[tools\partialLink.pl:generateLibSize:2243] Generating size info for seclib.lib
[tools\partialLink.pl:generateLibSize:2243] Generating size info for sim2.lib
[tools\partialLink.pl:generateLibSize:2243] Generating size info for sleep_drv.lib
[tools\partialLink.pl:generateLibSize:2243] Generating size info for sm.lib
[tools\partialLink.pl:generateLibSize:2243] Generating size info for sms.lib
[tools\partialLink.pl:generateLibSize:2243] Generating size info for sndcp.lib
[tools\partialLink.pl:generateLibSize:2243] Generating size info for soc.lib
[tools\partialLink.pl:generateLibSize:2243] Generating size info for sst.lib
[tools\partialLink.pl:generateLibSize:2243] Generating size info for sst_sec.lib
[tools\partialLink.pl:generateLibSize:2243] Generating size info for supc.lib
[tools\partialLink.pl:generateLibSize:2243] Generating size info for supl.lib
[tools\partialLink.pl:generateLibSize:2243] Generating size info for sys_int.lib
[tools\partialLink.pl:generateLibSize:2243] Generating size info for sys_sec.lib
[tools\partialLink.pl:generateLibSize:2243] Generating size info for tcpip.lib
[tools\partialLink.pl:generateLibSize:2243] Generating size info for tcpip_wifi.lib
[tools\partialLink.pl:generateLibSize:2243] Generating size info for tls.lib
[tools\partialLink.pl:generateLibSize:2243] Generating size info for tst.lib
[tools\partialLink.pl:generateLibSize:2243] Generating size info for video_codec_sec.lib
[tools\partialLink.pl:generateLibSize:2243] Generating size info for wmt.lib
[tools\partialLink.pl:generateLibSize:2243] Generating size info for wndrv.lib
[tools\partialLink.pl:generateLibSize:2243] Generating size info for xyssl.lib
[tools\partialLink.pl:dumpOpt:1970] -> ptrHahOnOff
$VAR1 = {
          'force_partial_link' => [
                                    0,
                                    \0
                                  ],
          'save' => [
                      0,
                      \0
                    ],
          'strip_debug_info' => [
                                  0,
                                  \1
                                ],
          'check' => [
                       0,
                       \0
                     ],
          'exclude_cpp_lib' => [
                                 0,
                                 \0
                               ],
          'simulate' => [
                          0,
                          \0
                        ],
          'regen_hint' => [
                            0,
                            \0
                          ],
          'update' => [
                        0,
                        \0
                      ]
        };
[tools\partialLink.pl:dumpOpt:1970] -> file
$VAR1 = 'Z://pl.ini';
[tools\partialLink.pl:dumpOpt:1970] -> flag
$VAR1 = 0;
[tools\partialLink.pl:dumpOpt:1970] -> ptrHahValue
$VAR1 = {
          'link_type' => [
                           0,
                           \1,
                           1,
                           2,
                           3
                         ],
          'strip_debug_count' => [
                                   0,
                                   \8
                                 ],
          'pass_limit' => [
                            0,
                            \7
                          ]
        };
[tools\partialLink.pl:dumpOpt:1970] -> ptrHahAttr
$VAR1 = {
          'link' => '-2',
          'state' => '0'
        };
[tools\partialLink.pl:dumpOpt:1970] -> suffix_bak
$VAR1 = '__PARTIAL_LINK_SRC_BACKUP';
[tools\partialLink.pl:dumpOpt:1970] -> ptrHahSymTable
$VAR1 = {};
[tools\partialLink.pl:dumpOpt:1970] -> ptrAryLibDir
$VAR1 = [
          'Z:/build/GXQ03D_M2M_11C/gprs/MT6261o/lib',
          'Z:/mtk_lib/MT6261/S00/gprs'
        ];
[tools\partialLink.pl:dumpOpt:1970] -> suffix_dbg
$VAR1 = '__PARTIAL_LINK_DBG';
[tools\partialLink.pl:dumpOpt:1970] -> ptrHahNoDbgLib
$VAR1 = {};
[tools\partialLink.pl:dumpOpt:1970] -> ptrHahLibNew
$VAR1 = {
          'applib_inet.lib' => 1,
          'sst_sec.lib' => 1,
          'llc.lib' => 1,
          'nvram.lib' => 1,
          'cc.lib' => 1,
          'abm_custom.lib' => 1,
          'wmt.lib' => 1,
          'fluency.lib' => 1,
          'btprofiles.lib' => 1,
          'nucleus_critical_data.lib' => 1,
          'rrlp.lib' => 1,
          'gfx_core32.lib' => 1,
          'fmr.lib' => 1,
          'custom.lib' => 1,
          'supl.lib' => 1,
          'mmi.lib' => 1,
          'provider_sec.lib' => 1,
          'dsp_ram.lib' => 1,
          'track_agps.lib' => 1,
          'bcm.lib' => 1,
          'tst.lib' => 1,
          'certman.lib' => 1,
          'nucleus_debug.lib' => 1,
          'dp_engine.lib' => 1,
          'tcpip.lib' => 1,
          'ossl_pki.lib' => 1,
          'sim2.lib' => 1,
          'config.lib' => 1,
          'video_codec.lib' => 1,
          'fs.lib' => 1,
          'sleep_drv.lib' => 1,
          'eap.lib' => 1,
          'ell.lib' => 1,
          'media.lib' => 1,
          'nucleus.lib' => 1,
          'btdrv_common.lib' => 1,
          'drv.lib' => 1,
          'gfx_drv.lib' => 1,
          'applib.lib' => 1,
          'sst.lib' => 1,
          'ratdm.lib' => 1,
          'nvram_sec.lib' => 1,
          'l1_classb_g2.lib' => 1,
          'ossl_crypto.lib' => 1,
          'sec_store.lib' => 1,
          'mtd.lib' => 1,
          'seclib.lib' => 1,
          'xyssl.lib' => 1,
          'xmlp.lib' => 1,
          'mtkdebug.lib' => 1,
          'fluency_sec.lib' => 1,
          'event_info.lib' => 1,
          'mc.lib' => 1,
          'sim_driver.lib' => 1,
          'supc.lib' => 1,
          'mthl.lib' => 1,
          'lqt.lib' => 1,
          'l4misc.lib' => 1,
          'wndrv.lib' => 1,
          'oriverno.lib' => 1,
          'mpl.lib' => 1,
          'drv_sec.lib' => 1,
          'usb.lib' => 1,
          'sms.lib' => 1,
          'init.lib' => 1,
          'gps.lib' => 1,
          'peripheral.lib' => 1,
          'btadp.lib' => 1,
          'ciss.lib' => 1,
          'ppp.lib' => 1,
          'cct.lib' => 1,
          'nucleus_int.lib' => 1,
          'data.lib' => 1,
          'gfx_core16.lib' => 1,
          'video.lib' => 1,
          'sys_int.lib' => 1,
          'ossl_pkiadp.lib' => 1,
          'drm.lib' => 1,
          'tls.lib' => 1,
          'interface_classb.lib' => 1,
          'asn1_re.lib' => 1,
          'soc.lib' => 1,
          'ft.lib' => 1,
          'kal.lib' => 1,
          'drv_display.lib' => 1,
          'gps_sec.lib' => 1,
          'abm.lib' => 1,
          'ratcm.lib' => 1,
          'mt5931.lib' => 1,
          'cipher.lib' => 1,
          'nucleus_ctrl_code.lib' => 1,
          'scsi.lib' => 1,
          'mm_comm.lib' => 1,
          'video_codec_sec.lib' => 1,
          'audio.lib' => 1,
          'mm_classb2.lib' => 1,
          'fdm.lib' => 1,
          'applib_asn1.lib' => 1,
          'rr_classb2.lib' => 1,
          'che.lib' => 1,
          'usb_driver.lib' => 1,
          'l4_classb.lib' => 1,
          'sndcp.lib' => 1,
          'flc2.lib' => 1,
          'btdrv.lib' => 1,
          'sys_sec.lib' => 1,
          'system.lib' => 1,
          'ossl_ssl.lib' => 1,
          'ossl_osadp.lib' => 1,
          'drv_idp.lib' => 1,
          'matv.lib' => 1,
          'mcd.lib' => 1,
          'ossl_ssladp.lib' => 1,
          'bmt.lib' => 1,
          'l1_ext.lib' => 1,
          'ftc.lib' => 1,
          'ems.lib' => 1,
          'tcpip_wifi.lib' => 1,
          'dhcp.lib' => 1,
          'sm.lib' => 1,
          'ntpd.lib' => 1,
          'btstack.lib' => 1
        };
[tools\partialLink.pl:dumpOpt:1970] -> ptrHahLibUsage
$VAR1 = {};
[tools\partialLink.pl:dumpOpt:1970] -> suffix
$VAR1 = '__PARTIAL_LINK_TEMPORARY';
[tools\partialLink.pl:dumpOpt:1970] -> suffix_save
$VAR1 = '__PARTIAL_LINK';
[tools\partialLink.pl:dumpOpt:1970] -> ptrHahLibUpdate
$VAR1 = {};
[tools\partialLink.pl:dumpOpt:1970] -> fileTimestamp
$VAR1 = 'Z://pl_timestamp.txt';
[tools\partialLink.pl:dumpOpt:1970] -> dirLibSize
$VAR1 = 'Z://pl_lib_size';
[tools\partialLink.pl:main:2627] Trying normal link...
[tools\partialLink.pl:finalLink:1494] Executing "C:/Progra~1/ARM/RVCT/Programs/3.1/569/win_32-pentium/armlink.exe  --via Z:/make/~sortedLibs.tmp --errors Z://pl_error_normal.log"
[tools\partialLink.pl:parseErrorFile:1417] Parsing linking error from Z://pl_error_normal.log
[tools\partialLink.pl:parseErrorFile:1477] Fatal error: L6002U: Could not open file .\build\GXQ03D_M2M_11C\gprs\MT6261o\lib\track.lib: No such file or directory
[tools\partialLink.pl:main:2679] Fail to link
Mon 09/05/2022 
02:26 PM
