[ckSysDrv] Auto adjust is disabled!
[ckSysDrv] $fs_auto_config_support = 0
	 FDM5_Support = 1
	 allocated_fat_space  = 3403776 
	 nor_block_size  = 4096 
	 nor_sector_size  = 512 
===========================================================
                                               Byte Cluster
===========================================================
FS Total Size                               3403776    3324
FS Public(First) Drive Size                       0       0
FS Overhead for (MBR + PBR + Root Dir)         8704     8.5
FDM Overhead (NOR)                          1070080    1045
NVRAM reserved folder overhead                10240      10
===========================================================
Free Space for NVRAM and App's Folders      2324992    2260

-----------------------------------------------------------
FAT Type                                         12        
Cluster Size                                   1024       1
-----------------------------------------------------------
FAT Overhead for Sub Dir                      11264      11
-----------------------------------------------------------
Package file size                              2595       3
Info file A                                     726       1
Info file B                                     726       1
Extra size                                     1536       2
NVRAM_EF_SYS_LID                                216       2
NVRAM_EF_CAT_TIMESTAMP_LID                        6       1
NVRAM_EF_L1_AGCPATHLOSS_LID                     262       1
NVRAM_EF_L1_RAMPTABLE_GSM850_LID                666       1
NVRAM_EF_L1_RAMPTABLE_GSM900_LID                666       1
NVRAM_EF_L1_RAMPTABLE_DCS1800_LID               666       1
NVRAM_EF_L1_RAMPTABLE_PCS1900_LID               666       1
NVRAM_EF_L1_AFCDATA_LID                          10       1
NVRAM_EF_L1_TXIQ_LID                             46       1
NVRAM_EF_L1_RFSPECIALCOEF_LID                   210       1
NVRAM_EF_L1_INTERSLOT_RAMP_GSM850_LID            18       1
NVRAM_EF_L1_INTERSLOT_RAMP_GSM900_LID            18       1
NVRAM_EF_L1_INTERSLOT_RAMP_DCS1800_LID           18       1
NVRAM_EF_L1_INTERSLOT_RAMP_PCS1900_LID           18       1
NVRAM_EF_L1_CRYSTAL_AFCDATA_LID                  34       1
NVRAM_EF_L1_CRYSTAL_CAPDATA_LID                   6       1
NVRAM_EF_L1_GMSK_TX_POWER_ROLLBACK_TABLE_LID         22       1
NVRAM_EF_L1_CLOAD_FREQ_OFFSET_LID                 6       1
NVRAM_EF_BARCODE_NUM_LID                         66       1
NVRAM_EF_CAL_FLAG_LID                           314       1
NVRAM_EF_CAL_DATA_CHECK_LID                    1354       2
NVRAM_EF_IMEI_IMEISV_LID                         12       1
NVRAM_EF_SML_LID                                380       2
NVRAM_EF_BTRADIO_MTK_BT_CHIP_LID                 49       1
NVRAM_EF_BT_INFO_LID                              0       0
NVRAM_EF_BT_DEV_LIST_LID                       3400       4
NVRAM_EF_BT_DEV_LIST_INDEX_LID                    0       0
NVRAM_EF_BT_SYS_INFO_LID                          0       0
NVRAM_EF_SYS_EXCEPTION_LID                     2570       3
NVRAM_EF_SYS_STATISTICS_LID                    1466       2
NVRAM_EF_BAND_INFO_LID                            0       0
NVRAM_EF_TST_FILTER_LID                        1382       2
NVRAM_EF_PORT_SETTING_LID                         0       0
NVRAM_EF_SMSAL_SMS_LID                         9300      10
NVRAM_EF_SMSAL_MAILBOX_ADDR_LID                   0       0
NVRAM_EF_SMSAL_COMMON_PARAM_LID                   0       0
NVRAM_EF_SMSAL_SMSP_LID                           0       0
NVRAM_EF_SMSAL_MWIS_LID                           0       0
NVRAM_EF_CB_DEFAULT_CH_LID                        0       0
NVRAM_EF_CB_CH_INFO_LID                           0       0
NVRAM_EF_TCM_PDP_PROFILE_LID                      0       0
NVRAM_EF_CFU_FLAG_LID                             0       0
NVRAM_EF_MM_EQPLMN_LOCIGPRS_LID                   0       0
NVRAM_EF_ALS_LINE_ID_LID                          0       0
NVRAM_EF_MSCAP_LID                                0       0
NVRAM_EF_CLASSMARK_RACAP_LID                      0       0
NVRAM_EF_SIM_ASSERT_LID                           0       0
NVRAM_EF_RTC_DATA_LID                             0       0
NVRAM_EF_NET_PAR_LID                           2002       2
NVRAM_EF_CSM_ESSP_LID                             0       0
NVRAM_EF_CUST_HW_LEVEL_TBL_LID                    0       0
NVRAM_EF_UEM_MANUFACTURE_DATA_LID                 0       0
NVRAM_EF_UEM_RMI_DATA_LID                         0       0
NVRAM_EF_GPS_SETTING_DATA_LID                     0       0
NVRAM_EF_MS_SECURITY_LID                          0       0
NVRAM_EF_PHB_LN_ENTRY_LID                      5556       6
NVRAM_EF_PHB_LN_TYPE_SEQ_LID                      0       0
NVRAM_EF_SYS_CACHE_OCTET_LID                      0       0
NVRAM_EF_RAC_PREFERENCE_LID                       0       0
NVRAM_EF_PS_CONFORMANCE_TESTMODE_LID              0       0
NVRAM_EF_TST_CONFIG_LID                           0       0
NVRAM_EF_AT_PROFILE_LID                           0       0
NVRAM_EF_USR_PWR_CLS_LID                          0       0
NVRAM_EF_ADC_LID                                130       1
NVRAM_EF_TOUCHPANEL_PARA_LID                      0       0

TOTAL                                         37118      64
-----------------------------------------------------------
Z:\@Xml\                                       1024       1
Z:\@mre\                                          0       0
Z:\@bt\                                        3072       3
Z:\@certman\                                 102400     100
Z:\@tls\                                      78848      77
Z:\@BTMre\                                    57344      56
Z:\@EPO\                                     153600     150

TOTAL                                        396288     387
===========================================================

REPORT
===========================================================
Cluster Size (Bytes)                                   1024
Free Space (Clusters)                                  2260
Folders and Applications Requirement (Clusters)         462

RESULT: PASS!
1798 clusters are left (1798.0 KB = 1.76 MB)
[ckSysDrv]: Auto config is OFF this time!
 at tools\ckSysDrv.pl line 755 : (ERR::NO_MODIFY)!
