mtk_lib\MT6261\S00\gprs\nucleus.lib
mtk_lib\MT6261\S00\gprs\nucleus_int.lib
mtk_lib\MT6261\S00\gprs\nucleus_ctrl_code.lib
mtk_lib\MT6261\S00\gprs\nucleus_critical_data.lib
mtk_lib\MT6261\S00\gprs\nucleus_debug.lib
mtk_lib\MT6261\S00\gprs\nvram_sec.lib
mtk_lib\MT6261\S00\gprs\cc.lib
mtk_lib\MT6261\S00\gprs\ciss.lib
mtk_lib\MT6261\S00\gprs\sms.lib
mtk_lib\MT6261\S00\gprs\data.lib
mtk_lib\MT6261\S00\gprs\sim2.lib
mtk_lib\MT6261\S00\gprs\ems.lib
mtk_lib\MT6261\S00\gprs\kal.lib
mtk_lib\MT6261\S00\gprs\sst.lib
mtk_lib\MT6261\S00\gprs\fdm.lib
mtk_lib\MT6261\S00\gprs\mtkdebug.lib
mtk_lib\MT6261\S00\gprs\l1_classb_g2.lib
mtk_lib\MT6261\S00\gprs\interface_classb.lib
mtk_lib\MT6261\S00\gprs\l4_classb.lib
mtk_lib\MT6261\S00\gprs\mm_classb2.lib
mtk_lib\MT6261\S00\gprs\rr_classb2.lib
mtk_lib\MT6261\S00\gprs\ratcm.lib
mtk_lib\MT6261\S00\gprs\ratdm.lib
mtk_lib\MT6261\S00\gprs\asn1_re.lib
mtk_lib\MT6261\S00\gprs\sndcp.lib
mtk_lib\MT6261\S00\gprs\sm.lib
mtk_lib\MT6261\S00\gprs\llc.lib
mtk_lib\MT6261\S00\gprs\mcd.lib
mtk_lib\MT6261\S00\gprs\tst.lib
mtk_lib\MT6261\S00\gprs\abm.lib
mtk_lib\MT6261\S00\gprs\soc.lib
mtk_lib\MT6261\S00\gprs\tcpip.lib
mtk_lib\MT6261\S00\gprs\tcpip_wifi.lib
mtk_lib\MT6261\S00\gprs\event_info.lib
mtk_lib\MT6261\S00\gprs\oriverno.lib
mtk_lib\MT6261\S00\gprs\gfx_core16.lib
mtk_lib\MT6261\S00\gprs\gfx_core32.lib
mtk_lib\MT6261\S00\gprs\gps_sec.lib
mtk_lib\MT6261\S00\gprs\sys_int.lib
mtk_lib\MT6261\S00\gprs\video_codec_sec.lib
mtk_lib\MT6261\S00\gprs\fluency_sec.lib
mtk_lib\MT6261\S00\gprs\provider_sec.lib
mtk_lib\MT6261\S00\gprs\dp_engine.lib
mtk_lib\MT6261\S00\gprs\flc2.lib
mtk_lib\MT6261\S00\gprs\abm.lib
mtk_lib\MT6261\S00\gprs\abm_custom.lib
mtk_lib\MT6261\S00\gprs\soc.lib
mtk_lib\MT6261\S00\gprs\tcpip.lib
mtk_lib\MT6261\S00\gprs\tcpip_wifi.lib
mtk_lib\MT6261\S00\gprs\applib_inet.lib
mtk_lib\MT6261\S00\gprs\eap.lib
mtk_lib\MT6261\S00\gprs\certman.lib
mtk_lib\MT6261\S00\gprs\sec_store.lib
mtk_lib\MT6261\S00\gprs\tls.lib
mtk_lib\MT6261\S00\gprs\ossl_ssl.lib
mtk_lib\MT6261\S00\gprs\ossl_ssladp.lib
mtk_lib\MT6261\S00\gprs\seclib.lib
mtk_lib\MT6261\S00\gprs\ossl_osadp.lib
mtk_lib\MT6261\S00\gprs\ossl_crypto.lib
mtk_lib\MT6261\S00\gprs\ossl_pki.lib
mtk_lib\MT6261\S00\gprs\ossl_pkiadp.lib
mtk_lib\MT6261\S00\gprs\ppp.lib
mtk_lib\MT6261\S00\gprs\scsi.lib
mtk_lib\MT6261\S00\gprs\che.lib
mtk_lib\MT6261\S00\gprs\sst_sec.lib
mtk_lib\MT6261\S00\gprs\dsp_ram.lib
mtk_lib\MT6261\S00\gprs\drv_sec.lib
mtk_lib\MT6261\S00\gprs\wmt.lib
mtk_lib\MT6261\S00\gprs\btdrv.lib
mtk_lib\MT6261\S00\gprs\btadp.lib
mtk_lib\MT6261\S00\gprs\btprofiles.lib
mtk_lib\MT6261\S00\gprs\btstack.lib
mtk_lib\MT6261\S00\gprs\wndrv.lib
mtk_lib\MT6261\S00\gprs\dhcp.lib
mtk_lib\MT6261\S00\gprs\supc.lib
mtk_lib\MT6261\S00\gprs\mt5931.lib
mtk_lib\MT6261\S00\gprs\cipher.lib
mtk_lib\MT6261\S00\gprs\sys_sec.lib
mtk_lib\MT6261\S00\gprs\sleep_drv.lib
